9/20/2022, 12:05:50 AM - INFO - Server is running on port: 3030
12/1/2022, 5:32:08 PM - INFO - Server is running on port: 3030
12/1/2022, 5:32:22 PM - INFO - Server is running on port: 3030
12/1/2022, 5:33:29 PM - INFO - Server is running on port: 3030
12/1/2022, 6:14:09 PM - INFO - Server is running on port: 3030
12/1/2022, 6:18:15 PM - INFO - Server is running on port: 3030
12/1/2022, 6:19:13 PM - INFO - Server is running on port: 3030
12/1/2022, 6:19:21 PM - INFO - Server is running on port: 3030
12/1/2022, 6:20:26 PM - INFO - Server is running on port: 3030
12/1/2022, 6:20:29 PM - INFO - Server is running on port: 3030
12/1/2022, 6:23:50 PM - INFO - Server is running on port: 3030
12/1/2022, 6:23:56 PM - INFO - Server is running on port: 3030
12/1/2022, 6:23:57 PM - INFO - Server is running on port: 3030
12/1/2022, 6:24:18 PM - INFO - Server is running on port: 3030
12/1/2022, 6:25:13 PM - INFO - Server is running on port: 3030
12/1/2022, 6:30:42 PM - INFO - Server is running on port: 3030
12/1/2022, 6:30:46 PM - INFO - Server is running on port: 3030
12/1/2022, 6:35:07 PM - INFO - Server is running on port: 3030
12/1/2022, 6:35:09 PM - INFO - Server is running on port: 3030
12/1/2022, 6:58:51 PM - INFO - Server is running on port: 3030
12/1/2022, 6:59:25 PM - INFO - Server is running on port: 3030
12/1/2022, 7:01:33 PM - INFO - Server is running on port: 3030
12/1/2022, 7:01:49 PM - INFO - Server is running on port: 3030
12/1/2022, 7:26:30 PM - INFO - Server is running on port: 3030
12/1/2022, 7:27:58 PM - INFO - Server is running on port: 3030
12/1/2022, 7:28:05 PM - INFO - Server is running on port: 3030
12/1/2022, 7:35:35 PM - INFO - Server is running on port: 3030
12/1/2022, 7:38:39 PM - INFO - Server is running on port: 3030
12/1/2022, 7:40:27 PM - INFO - Server is running on port: 3030
12/1/2022, 7:41:02 PM - INFO - Server is running on port: 3030
12/1/2022, 7:41:05 PM - INFO - Req was made
12/1/2022, 7:41:05 PM - DEBUG - Getting Anys
12/1/2022, 7:41:05 PM - ERROR - cannot find surveys | {}
12/1/2022, 7:41:05 PM - ERROR - Failed to get anys | {}
12/1/2022, 7:41:27 PM - INFO - Server is running on port: 3030
12/1/2022, 7:41:31 PM - INFO - Req was made
12/1/2022, 7:41:31 PM - DEBUG - Getting Anys
12/1/2022, 7:41:31 PM - ERROR - cannot find surveys | {}
12/1/2022, 7:41:31 PM - ERROR - Failed to get anys | {}
12/1/2022, 7:42:28 PM - INFO - Server is running on port: 3030
12/1/2022, 7:42:31 PM - INFO - Req was made
12/1/2022, 7:42:31 PM - DEBUG - Getting Anys
12/1/2022, 7:42:31 PM - ERROR - cannot find surveys | {}
12/1/2022, 7:42:31 PM - ERROR - Failed to get anys | {}
12/1/2022, 7:42:52 PM - INFO - Server is running on port: 3030
12/1/2022, 7:42:54 PM - INFO - Req was made
12/1/2022, 7:42:54 PM - DEBUG - Getting Anys
12/1/2022, 7:42:54 PM - ERROR - cannot find surveys | {}
12/1/2022, 7:42:54 PM - ERROR - Failed to get anys | {}
12/1/2022, 7:43:01 PM - INFO - Server is running on port: 3030
12/1/2022, 7:43:03 PM - INFO - Req was made
12/1/2022, 7:43:03 PM - DEBUG - Getting surveys
12/1/2022, 7:43:03 PM - ERROR - cannot find surveys | {}
12/1/2022, 7:43:03 PM - ERROR - Failed to get anys | {}
12/1/2022, 7:44:12 PM - INFO - Server is running on port: 3030
12/1/2022, 7:44:14 PM - INFO - Req was made
12/1/2022, 7:44:14 PM - DEBUG - Getting surveys
12/1/2022, 7:44:14 PM - ERROR - cannot find surveys | {}
12/1/2022, 7:44:14 PM - ERROR - Failed to get anys | {}
12/1/2022, 7:44:27 PM - INFO - Req was made
12/1/2022, 7:44:27 PM - DEBUG - Getting surveys
12/1/2022, 7:44:27 PM - ERROR - cannot find surveys | {}
12/1/2022, 7:44:27 PM - ERROR - Failed to get anys | {}
12/1/2022, 7:47:24 PM - INFO - Req was made
12/1/2022, 7:47:24 PM - DEBUG - Getting surveys
12/1/2022, 7:47:24 PM - ERROR - cannot find surveys | {}
12/1/2022, 7:47:24 PM - ERROR - Failed to get anys | {}
12/1/2022, 7:48:32 PM - INFO - Server is running on port: 3030
12/1/2022, 7:48:55 PM - INFO - Server is running on port: 3030
12/1/2022, 7:48:57 PM - INFO - Server is running on port: 3030
12/1/2022, 7:48:59 PM - INFO - Server is running on port: 3030
12/1/2022, 7:49:03 PM - INFO - Req was made
12/1/2022, 7:49:03 PM - DEBUG - Getting surveys
12/1/2022, 7:49:49 PM - INFO - Server is running on port: 3030
12/1/2022, 7:50:09 PM - INFO - Server is running on port: 3030
12/1/2022, 7:50:15 PM - INFO - Server is running on port: 3030
12/1/2022, 7:50:18 PM - INFO - Req was made
12/1/2022, 7:50:18 PM - DEBUG - Getting surveys
12/1/2022, 8:06:06 PM - INFO - Req was made
12/1/2022, 8:06:06 PM - DEBUG - Getting surveys
12/1/2022, 8:06:15 PM - INFO - Req was made
12/1/2022, 8:06:15 PM - DEBUG - Getting surveys
12/1/2022, 8:06:18 PM - INFO - Req was made
12/1/2022, 8:06:18 PM - DEBUG - Getting surveys
12/1/2022, 8:11:31 PM - INFO - Req was made
12/1/2022, 8:11:31 PM - DEBUG - Getting surveys
12/1/2022, 8:14:11 PM - INFO - Req was made
12/1/2022, 8:14:11 PM - DEBUG - Getting surveys
12/1/2022, 8:17:01 PM - INFO - Req was made
12/1/2022, 8:17:01 PM - DEBUG - Getting surveys
12/2/2022, 6:15:29 PM - INFO - Req was made
12/2/2022, 6:15:29 PM - DEBUG - Getting surveys
12/2/2022, 6:15:39 PM - INFO - Req was made
12/2/2022, 6:15:39 PM - DEBUG - Getting surveys
12/2/2022, 6:16:42 PM - INFO - Req was made
12/2/2022, 6:16:42 PM - DEBUG - Getting surveys
12/3/2022, 1:30:07 PM - INFO - Server is running on port: 3030
12/3/2022, 1:31:54 PM - INFO - Server is running on port: 3030
12/3/2022, 1:32:08 PM - INFO - Server is running on port: 3030
12/3/2022, 1:32:15 PM - INFO - Server is running on port: 3030
12/3/2022, 1:42:50 PM - INFO - Server is running on port: 3030
12/3/2022, 1:43:24 PM - INFO - Server is running on port: 3030
12/3/2022, 2:04:13 PM - INFO - Server is running on port: 3030
12/3/2022, 2:04:47 PM - INFO - Server is running on port: 3030
12/3/2022, 2:05:01 PM - INFO - Server is running on port: 3030
12/3/2022, 2:05:35 PM - INFO - Server is running on port: 3030
12/3/2022, 2:06:02 PM - INFO - Server is running on port: 3030
12/3/2022, 2:06:26 PM - INFO - Server is running on port: 3030
12/3/2022, 2:06:43 PM - INFO - Server is running on port: 3030
12/3/2022, 2:06:45 PM - INFO - Server is running on port: 3030
12/3/2022, 2:08:51 PM - INFO - Req was made
12/3/2022, 2:08:51 PM - DEBUG - Getting surveys
12/3/2022, 2:09:01 PM - INFO - Req was made
12/3/2022, 2:09:01 PM - DEBUG - Getting surveys
12/3/2022, 2:09:59 PM - INFO - Req was made
12/3/2022, 2:09:59 PM - DEBUG - Getting surveys
12/3/2022, 2:10:00 PM - INFO - Req was made
12/3/2022, 2:10:00 PM - DEBUG - Getting surveys
12/3/2022, 2:11:25 PM - INFO - Req was made
12/3/2022, 2:11:25 PM - DEBUG - Getting surveys
12/3/2022, 2:11:54 PM - INFO - Req was made
12/3/2022, 2:11:54 PM - DEBUG - Getting surveys
12/3/2022, 2:15:41 PM - INFO - Req was made
12/3/2022, 2:15:41 PM - DEBUG - Getting surveys
12/3/2022, 2:16:20 PM - INFO - Req was made
12/3/2022, 2:16:20 PM - DEBUG - Getting surveys
12/3/2022, 3:32:55 PM - INFO - Server is running on port: 3030
12/3/2022, 3:34:05 PM - INFO - Server is running on port: 3030
12/3/2022, 3:34:36 PM - INFO - Server is running on port: 3030
12/3/2022, 3:44:06 PM - INFO - Server is running on port: 3030
12/3/2022, 3:44:13 PM - INFO - Server is running on port: 3030
12/3/2022, 3:44:35 PM - INFO - Server is running on port: 3030
12/3/2022, 3:45:07 PM - INFO - Req was made
12/3/2022, 3:45:07 PM - DEBUG - Getting surveys
12/3/2022, 3:45:41 PM - INFO - Server is running on port: 3030
12/3/2022, 3:45:47 PM - INFO - Server is running on port: 3030
12/3/2022, 3:48:50 PM - INFO - Server is running on port: 3030
12/3/2022, 3:49:04 PM - INFO - Server is running on port: 3030
12/3/2022, 3:49:16 PM - INFO - Server is running on port: 3030
12/3/2022, 3:51:20 PM - INFO - Server is running on port: 3030
12/3/2022, 3:57:11 PM - INFO - Server is running on port: 3030
12/3/2022, 3:57:29 PM - INFO - Server is running on port: 3030
12/3/2022, 3:59:29 PM - INFO - Server is running on port: 3030
12/3/2022, 3:59:55 PM - INFO - Req was made
12/3/2022, 3:59:55 PM - DEBUG - Getting surveys
12/3/2022, 4:07:01 PM - INFO - Server is running on port: 3030
12/3/2022, 4:07:43 PM - INFO - Server is running on port: 3030
12/3/2022, 4:08:00 PM - INFO - Server is running on port: 3030
12/3/2022, 4:09:09 PM - INFO - Server is running on port: 3030
12/3/2022, 4:09:24 PM - INFO - Server is running on port: 3030
12/3/2022, 4:09:49 PM - INFO - Server is running on port: 3030
12/3/2022, 4:10:02 PM - INFO - Server is running on port: 3030
12/3/2022, 4:10:17 PM - INFO - Server is running on port: 3030
12/3/2022, 4:11:11 PM - INFO - Server is running on port: 3030
12/3/2022, 4:11:26 PM - INFO - Server is running on port: 3030
12/3/2022, 4:11:53 PM - INFO - Server is running on port: 3030
12/3/2022, 4:12:25 PM - INFO - Server is running on port: 3030
12/3/2022, 4:12:35 PM - INFO - Server is running on port: 3030
12/3/2022, 4:13:18 PM - INFO - Server is running on port: 3030
12/3/2022, 4:14:08 PM - INFO - Server is running on port: 3030
12/3/2022, 4:14:41 PM - INFO - Server is running on port: 3030
12/3/2022, 4:15:00 PM - INFO - Server is running on port: 3030
12/3/2022, 4:16:30 PM - INFO - Server is running on port: 3030
12/3/2022, 4:17:30 PM - INFO - Server is running on port: 3030
12/3/2022, 4:17:46 PM - INFO - Server is running on port: 3030
12/3/2022, 4:18:24 PM - INFO - Server is running on port: 3030
12/3/2022, 4:18:44 PM - INFO - Server is running on port: 3030
12/3/2022, 4:19:00 PM - INFO - Server is running on port: 3030
12/3/2022, 4:19:55 PM - INFO - Server is running on port: 3030
12/3/2022, 4:23:34 PM - INFO - Server is running on port: 3030
12/3/2022, 4:24:29 PM - INFO - Server is running on port: 3030
12/3/2022, 11:24:15 PM - INFO - Server is running on port: 3030
12/3/2022, 11:25:03 PM - INFO - Server is running on port: 3030
12/3/2022, 11:30:27 PM - INFO - Server is running on port: 3030
12/3/2022, 11:34:05 PM - INFO - Server is running on port: 3030
12/3/2022, 11:35:24 PM - INFO - Server is running on port: 3030
12/4/2022, 1:20:46 PM - INFO - Req was made
12/4/2022, 1:20:46 PM - DEBUG - Getting surveys
12/4/2022, 1:27:53 PM - INFO - Server is running on port: 3030
12/4/2022, 1:29:16 PM - INFO - Server is running on port: 3030
12/4/2022, 1:29:16 PM - INFO - Server is running on port: 3030
12/4/2022, 1:29:17 PM - INFO - Server is running on port: 3030
12/4/2022, 1:35:44 PM - INFO - Server is running on port: 3030
12/4/2022, 1:36:57 PM - INFO - Server is running on port: 3030
12/4/2022, 1:38:05 PM - INFO - Server is running on port: 3030
12/4/2022, 1:38:42 PM - INFO - Server is running on port: 3030
12/4/2022, 1:40:21 PM - INFO - Server is running on port: 3030
12/4/2022, 1:42:48 PM - INFO - Server is running on port: 3030
12/4/2022, 1:43:18 PM - INFO - Server is running on port: 3030
12/4/2022, 1:46:43 PM - INFO - Req was made
12/4/2022, 1:46:43 PM - DEBUG - Getting surveys
12/4/2022, 1:48:25 PM - INFO - Server is running on port: 3030
12/4/2022, 1:48:50 PM - INFO - Server is running on port: 3030
12/4/2022, 1:49:03 PM - INFO - Server is running on port: 3030
12/4/2022, 1:52:46 PM - INFO - Req was made
12/4/2022, 1:52:46 PM - DEBUG - Getting surveys
12/4/2022, 1:53:54 PM - INFO - Req was made
12/4/2022, 1:53:54 PM - DEBUG - Getting surveys
12/4/2022, 1:54:22 PM - INFO - Req was made
12/4/2022, 1:54:22 PM - DEBUG - Getting surveys
12/4/2022, 1:55:44 PM - INFO - Req was made
12/4/2022, 1:55:44 PM - DEBUG - Getting surveys
12/4/2022, 1:56:28 PM - INFO - Req was made
12/4/2022, 1:56:28 PM - DEBUG - Getting surveys
12/4/2022, 3:07:00 PM - INFO - Req was made
12/4/2022, 3:07:00 PM - DEBUG - Getting surveys
